2025-01-16T12:11:57.369Z  INFO 1 --- [notes] [main] com.endava.notes.NotesApplication        : Starting NotesApplication v0.1.0-SNAPSHOT using Java 17.0.13 with PID 1 (/workspace/BOOT-INF/classes started by cnb in /workspace)
2025-01-16T12:11:57.371Z  INFO 1 --- [notes] [main] com.endava.notes.NotesApplication        : No active profile set, falling back to 1 default profile: "default"
2025-01-16T12:11:58.967Z  INFO 1 --- [notes] [main] .s.d.r.c.RepositoryConfigurationDelegate : Bootstrapping Spring Data JPA repositories in DEFAULT mode.
2025-01-16T12:11:59.058Z  INFO 1 --- [notes] [main] .s.d.r.c.RepositoryConfigurationDelegate : Finished Spring Data repository scanning in 84 ms. Found 1 JPA repository interface.
2025-01-16T12:11:59.887Z  INFO 1 --- [notes] [main] o.s.b.w.embedded.tomcat.TomcatWebServer  : Tomcat initialized with port 8080 (http)
2025-01-16T12:11:59.956Z  INFO 1 --- [notes] [main] o.apache.catalina.core.StandardService   : Starting service [Tomcat]
2025-01-16T12:11:59.957Z  INFO 1 --- [notes] [main] o.apache.catalina.core.StandardEngine    : Starting Servlet engine: [Apache Tomcat/10.1.33]
2025-01-16T12:12:00.056Z  INFO 1 --- [notes] [main] o.a.c.c.C.[Tomcat].[localhost].[/]       : Initializing Spring embedded WebApplicationContext
2025-01-16T12:12:00.056Z  INFO 1 --- [notes] [main] w.s.c.ServletWebServerApplicationContext : Root WebApplicationContext: initialization completed in 2579 ms
2025-01-16T12:12:00.661Z  INFO 1 --- [notes] [main] com.zaxxer.hikari.HikariDataSource       : HikariPool-1 - Starting...
2025-01-16T12:12:01.269Z  INFO 1 --- [notes] [main] com.zaxxer.hikari.pool.HikariPool        : HikariPool-1 - Added connection org.postgresql.jdbc.PgConnection@4c51077d
2025-01-16T12:12:01.271Z  INFO 1 --- [notes] [main] com.zaxxer.hikari.HikariDataSource       : HikariPool-1 - Start completed.
2025-01-16T12:12:01.460Z  INFO 1 --- [notes] [main] o.hibernate.jpa.internal.util.LogHelper  : HHH000204: Processing PersistenceUnitInfo [name: default]
2025-01-16T12:12:01.668Z  INFO 1 --- [notes] [main] org.hibernate.Version                    : HHH000412: Hibernate ORM core version 6.6.2.Final
2025-01-16T12:12:01.769Z  INFO 1 --- [notes] [main] o.h.c.internal.RegionFactoryInitiator    : HHH000026: Second-level cache disabled
2025-01-16T12:12:02.575Z  INFO 1 --- [notes] [main] o.s.o.j.p.SpringPersistenceUnitInfo      : No LoadTimeWeaver setup: ignoring JPA class transformer
2025-01-16T12:12:02.756Z  WARN 1 --- [notes] [main] org.hibernate.orm.deprecation            : HHH90000025: PostgreSQLDialect does not need to be specified explicitly using 'hibernate.dialect' (remove the property setting and it will be selected by default)
2025-01-16T12:12:02.850Z  INFO 1 --- [notes] [main] org.hibernate.orm.connections.pooling    : HHH10001005: Database info:
	Database JDBC URL [Connecting through datasource 'HikariDataSource (HikariPool-1)']
	Database driver: undefined/unknown
	Database version: 16.6
	Autocommit mode: undefined/unknown
	Isolation level: undefined/unknown
	Minimum pool size: undefined/unknown
	Maximum pool size: undefined/unknown
2025-01-16T12:12:03.537Z  INFO 1 --- [notes] [main] o.h.e.t.j.p.i.JtaPlatformInitiator       : HHH000489: No JTA platform available (set 'hibernate.transaction.jta.platform' to enable JTA platform integration)
2025-01-16T12:12:03.538Z  INFO 1 --- [notes] [main] j.LocalContainerEntityManagerFactoryBean : Initialized JPA EntityManagerFactory for persistence unit 'default'
2025-01-16T12:12:03.964Z  WARN 1 --- [notes] [main] JpaBaseConfiguration$JpaWebConfiguration : spring.jpa.open-in-view is enabled by default. Therefore, database queries may be performed during view rendering. Explicitly configure spring.jpa.open-in-view to disable this warning
2025-01-16T12:12:05.276Z  INFO 1 --- [notes] [main] o.s.b.w.embedded.tomcat.TomcatWebServer  : Tomcat started on port 8080 (http) with context path '/'
2025-01-16T12:12:05.359Z  INFO 1 --- [notes] [main] com.endava.notes.NotesApplication        : Started NotesApplication in 8.777 seconds (process running for 9.051)
